{"level":"info","message":"STARTEDWIN"}
{"level":"info","message":"STARTED"}
{"level":"info","message":"Starting Focuser Proxy..."}
{"level":"info","message":"Success! Listening on [object Object]"}
{"level":"info","message":"STARTEDWIN"}
{"level":"info","message":"STARTED"}
{"level":"info","message":"Starting Focuser Proxy..."}
{"level":"info","message":"Success! Listening on 36753"}
{"level":"info","message":"STARTEDWIN"}
{"level":"info","message":"STARTED"}
{"level":"info","message":"Starting Focuser Proxy..."}
{"level":"info","message":"Success! Listening on 37813"}
{"level":"info","message":"STARTEDWIN"}
{"level":"info","message":"STARTED"}
{"level":"info","message":"Starting Focuser Proxy..."}
{"level":"info","message":"Success! Listening on 37153"}
{"level":"info","message":"STARTEDWIN"}
{"level":"info","message":"STARTED"}
{"level":"info","message":"Starting Focuser Proxy..."}
{"level":"info","message":"Success! Listening on 36597"}
{"level":"info","message":"STARTEDWIN"}
{"level":"info","message":"STARTED"}
{"level":"info","message":"Starting Focuser Proxy..."}
{"level":"info","message":"Success! Listening on 37557"}
{"level":"info","message":"STARTEDWIN"}
{"level":"info","message":"STARTED"}
{"level":"info","message":"Starting Focuser Proxy..."}
{"level":"info","message":"Success! Listening on 38571"}
{"level":"info","message":"STARTEDWIN"}
